1:C 30 May 2021 15:55:10.885 # oO0OoO0OoO0Oo Redis is starting oO0OoO0OoO0Oo
1:C 30 May 2021 15:55:10.885 # Redis version=5.0.12, bits=64, commit=00000000, modified=0, pid=1, just started
1:C 30 May 2021 15:55:10.885 # Configuration loaded
                _._                                                  
           _.-``__ ''-._                                             
      _.-``    `.  `_.  ''-._           Redis 5.0.12 (00000000/0) 64 bit
  .-`` .-```.  ```\/    _.,_ ''-._                                   
 (    '      ,       .-`  | `,    )     Running in standalone mode
 |`-._`-...-` __...-.``-._|'` _.-'|     Port: 6379
 |    `-._   `._    /     _.-'    |     PID: 1
  `-._    `-._  `-./  _.-'    _.-'                                   
 |`-._`-._    `-.__.-'    _.-'_.-'|                                  
 |    `-._`-._        _.-'_.-'    |           http://redis.io        
  `-._    `-._`-.__.-'_.-'    _.-'                                   
 |`-._`-._    `-.__.-'    _.-'_.-'|                                  
 |    `-._`-._        _.-'_.-'    |                                  
  `-._    `-._`-.__.-'_.-'    _.-'                                   
      `-._    `-.__.-'    _.-'                                       
          `-._        _.-'                                           
              `-.__.-'                                               

1:M 30 May 2021 15:55:10.886 # Server initialized
1:M 30 May 2021 15:55:10.886 # WARNING overcommit_memory is set to 0! Background save may fail under low memory condition. To fix this issue add 'vm.overcommit_memory = 1' to /etc/sysctl.conf and then reboot or run the command 'sysctl vm.overcommit_memory=1' for this to take effect.
1:M 30 May 2021 15:55:10.886 # WARNING you have Transparent Huge Pages (THP) support enabled in your kernel. This will create latency and memory usage issues with Redis. To fix this issue run the command 'echo never > /sys/kernel/mm/transparent_hugepage/enabled' as root, and add it to your /etc/rc.local in order to retain the setting after a reboot. Redis must be restarted after THP is disabled.
1:M 30 May 2021 15:55:10.886 * Ready to accept connections
1:signal-handler (1622380929) Received SIGTERM scheduling shutdown...
1:M 30 May 2021 16:22:09.511 # User requested shutdown...
1:M 30 May 2021 16:22:09.511 * Saving the final RDB snapshot before exiting.
1:M 30 May 2021 16:22:09.512 * DB saved on disk
1:M 30 May 2021 16:22:09.512 * Removing the pid file.
1:M 30 May 2021 16:22:09.512 # Redis is now ready to exit, bye bye...
1:C 30 May 2021 16:22:18.286 # oO0OoO0OoO0Oo Redis is starting oO0OoO0OoO0Oo
1:C 30 May 2021 16:22:18.286 # Redis version=5.0.12, bits=64, commit=00000000, modified=0, pid=1, just started
1:C 30 May 2021 16:22:18.286 # Configuration loaded
                _._                                                  
           _.-``__ ''-._                                             
      _.-``    `.  `_.  ''-._           Redis 5.0.12 (00000000/0) 64 bit
  .-`` .-```.  ```\/    _.,_ ''-._                                   
 (    '      ,       .-`  | `,    )     Running in standalone mode
 |`-._`-...-` __...-.``-._|'` _.-'|     Port: 6379
 |    `-._   `._    /     _.-'    |     PID: 1
  `-._    `-._  `-./  _.-'    _.-'                                   
 |`-._`-._    `-.__.-'    _.-'_.-'|                                  
 |    `-._`-._        _.-'_.-'    |           http://redis.io        
  `-._    `-._`-.__.-'_.-'    _.-'                                   
 |`-._`-._    `-.__.-'    _.-'_.-'|                                  
 |    `-._`-._        _.-'_.-'    |                                  
  `-._    `-._`-.__.-'_.-'    _.-'                                   
      `-._    `-.__.-'    _.-'                                       
          `-._        _.-'                                           
              `-.__.-'                                               

1:M 30 May 2021 16:22:18.287 # Server initialized
1:M 30 May 2021 16:22:18.287 # WARNING overcommit_memory is set to 0! Background save may fail under low memory condition. To fix this issue add 'vm.overcommit_memory = 1' to /etc/sysctl.conf and then reboot or run the command 'sysctl vm.overcommit_memory=1' for this to take effect.
1:M 30 May 2021 16:22:18.287 # WARNING you have Transparent Huge Pages (THP) support enabled in your kernel. This will create latency and memory usage issues with Redis. To fix this issue run the command 'echo never > /sys/kernel/mm/transparent_hugepage/enabled' as root, and add it to your /etc/rc.local in order to retain the setting after a reboot. Redis must be restarted after THP is disabled.
1:M 30 May 2021 16:22:18.287 * DB loaded from disk: 0.000 seconds
1:M 30 May 2021 16:22:18.287 * Ready to accept connections
1:signal-handler (1622380939) Received SIGTERM scheduling shutdown...
1:M 30 May 2021 16:22:19.594 # User requested shutdown...
1:M 30 May 2021 16:22:19.594 * Saving the final RDB snapshot before exiting.
1:M 30 May 2021 16:22:19.595 * DB saved on disk
1:M 30 May 2021 16:22:19.595 * Removing the pid file.
1:M 30 May 2021 16:22:19.595 # Redis is now ready to exit, bye bye...
